#
# A fatal error has been detected by the Java Runtime Environment:
#
#  Internal Error (exceptions.cpp:367), pid=8503, tid=2337659760
#  fatal error: ExceptionMark destructor expects no pending exceptions
#
# JRE version: 6.0_20-b20
# Java VM: OpenJDK Server VM (19.0-b09 mixed mode linux-x86 )
# Derivative: IcedTea6 1.9.2
# Distribution: Ubuntu 10.04.1 LTS, package 6b20-1.9.2-0ubuntu1~10.04.1
# If you would like to submit a bug report, please include
# instructions how to reproduce the bug and visit:
#   https://bugs.launchpad.net/ubuntu/+source/openjdk-6/
#

---------------  T H R E A D  ---------------

Current thread (0x088b0400):  JavaThread "sample.Crazy (1)" daemon [_thread_in_vm, id=8562, stack(0x8b50d000,0x8b55e000)]

Stack: [0x8b50d000,0x8b55e000],  sp=0x8b55c690,  free space=317k
Native frames: (J=compiled Java code, j=interpreted, Vv=VM code, C=native code)
V  [libjvm.so+0x636927]
V  [libjvm.so+0x636b71]
V  [libjvm.so+0x289bde]
V  [libjvm.so+0x289cdb]
V  [libjvm.so+0x2e3336]
V  [libjvm.so+0x430780]
V  [libjvm.so+0x376501]
j  java.lang.Object.wait()V+2
j  net.sf.robocode.battle.peer.RobotPeer.waitForNextRound()V+26
j  net.sf.robocode.battle.peer.RobotPeer.executeImpl(Lnet/sf/robocode/peer/ExecCommands;)Lnet/sf/robocode/peer/ExecResults;+134

Java frames: (J=compiled Java code, j=interpreted, Vv=VM code)
j  java.lang.Object.wait()V+2
j  net.sf.robocode.battle.peer.RobotPeer.waitForNextRound()V+26
j  net.sf.robocode.battle.peer.RobotPeer.executeImpl(Lnet/sf/robocode/peer/ExecCommands;)Lnet/sf/robocode/peer/ExecResults;+134
J  net.sf.robocode.host.proxies.BasicRobotProxy.executeImpl()V
J  net.sf.robocode.host.proxies.AdvancedRobotProxy.waitFor(Lrobocode/Condition;)V
j  robocode.AdvancedRobot.waitFor(Lrobocode/Condition;)V+15
j  sample.Crazy.run()V+135
j  net.sf.robocode.host.proxies.HostingRobotProxy.run()V+106
j  java.lang.Thread.run()V+11
v  ~StubRoutines::call_stub

---------------  P R O C E S S  ---------------

Java Threads: ( => current thread )
  0x090fd000 JavaThread "CTFbots.FlagSeeker (1)" daemon [_thread_blocked, id=8567, stack(0x8b26b000,0x8b2bc000)]
  0x090fb800 JavaThread "sample.Crazy (4)" daemon [_thread_blocked, id=8566, stack(0x8b2bc000,0x8b30d000)]
=>0x088b0400 JavaThread "sample.Crazy (1)" daemon [_thread_in_vm, id=8562, stack(0x8b50d000,0x8b55e000)]
  0x8bb3fc00 JavaThread "TimerQueue" daemon [_thread_blocked, id=8559, stack(0x8b70d000,0x8b75e000)]
  0x8b8d1000 JavaThread "Battle Thread" [_thread_blocked, id=8558, stack(0x8b75e000,0x8b7af000)]
  0x8b8f9c00 JavaThread "AWT-EventQueue-0" [_thread_blocked, id=8557, stack(0x8b7af000,0x8b800000)]
  0x8b844c00 JavaThread "AWT-Shutdown" [_thread_blocked, id=8556, stack(0x8b94c000,0x8b99d000)]
  0x8b80e000 JavaThread "AWT-XAWT" daemon [_thread_in_native, id=8531, stack(0x8b99d000,0x8b9ee000)]
  0x8bb95400 JavaThread "Java2D Disposer" daemon [_thread_blocked, id=8530, stack(0x8ba9e000,0x8baef000)]
  0x085ba400 JavaThread "Low Memory Detector" daemon [_thread_blocked, id=8527, stack(0x8bc91000,0x8bce2000)]
  0x085b7400 JavaThread "CompilerThread1" daemon [_thread_blocked, id=8526, stack(0x8bce2000,0x8bd63000)]
  0x085b5400 JavaThread "CompilerThread0" daemon [_thread_blocked, id=8525, stack(0x8bd63000,0x8bde4000)]
  0x085a8400 JavaThread "JDWP Command Reader" daemon [_thread_in_native, id=8520, stack(0x8bde4000,0x8be35000)]
  0x085a6800 JavaThread "JDWP Event Helper Thread" daemon [_thread_blocked, id=8519, stack(0x8be35000,0x8be86000)]
  0x085a4000 JavaThread "JDWP Transport Listener: dt_socket" daemon [_thread_blocked, id=8517, stack(0x8be86000,0x8bed7000)]
  0x0859bc00 JavaThread "Signal Dispatcher" daemon [_thread_blocked, id=8515, stack(0x8bed7000,0x8bf28000)]
  0x08589800 JavaThread "Finalizer" daemon [_thread_blocked, id=8514, stack(0x8bf28000,0x8bf79000)]
  0x08588000 JavaThread "Reference Handler" daemon [_thread_blocked, id=8513, stack(0x8bf79000,0x8bfca000)]
  0x084fec00 JavaThread "Application Thread" [_thread_blocked, id=8505, stack(0xb7774000,0xb77c5000)]

Other Threads:
  0x08584400 VMThread [stack: 0x8bfca000,0x8c04b000] [id=8511]
  0x085bc400 WatcherThread [stack: 0x8bc10000,0x8bc91000] [id=8528]

VM state:not at safepoint (normal execution)

VM Mutex/Monitor currently owned by a thread: None

Heap
 PSYoungGen      total 138368K, used 31595K [0xa9aa0000, 0xb2670000, 0xb4540000)
  eden space 133952K, 23% used [0xa9aa0000,0xab8faf10,0xb1d70000)
  from space 4416K, 11% used [0xb21e0000,0xb2260000,0xb2630000)
  to   space 4544K, 0% used [0xb1d70000,0xb1d70000,0xb21e0000)
 PSOldGen        total 21504K, used 17499K [0x94540000, 0x95a40000, 0xa9aa0000)
  object space 21504K, 81% used [0x94540000,0x95656dd8,0x95a40000)
 PSPermGen       total 21248K, used 12617K [0x8c540000, 0x8da00000, 0x94540000)
  object space 21248K, 59% used [0x8c540000,0x8d1924c0,0x8da00000)

Dynamic libraries:
00110000-00134000 r-xp 00000000 08:07 6062178    /lib/tls/i686/cmov/libm-2.11.1.so
00134000-00135000 r--p 00023000 08:07 6062178    /lib/tls/i686/cmov/libm-2.11.1.so
00135000-00136000 rw-p 00024000 08:07 6062178    /lib/tls/i686/cmov/libm-2.11.1.so
00136000-0013d000 r-xp 00000000 08:07 6062243    /lib/tls/i686/cmov/librt-2.11.1.so
0013d000-0013e000 r--p 00006000 08:07 6062243    /lib/tls/i686/cmov/librt-2.11.1.so
0013e000-0013f000 rw-p 00007000 08:07 6062243    /lib/tls/i686/cmov/librt-2.11.1.so
0013f000-0014b000 r-xp 00000000 08:07 5276372    /usr/lib/jvm/java-6-openjdk/jre/lib/i386/libverify.so
0014b000-0014c000 r--p 0000b000 08:07 5276372    /usr/lib/jvm/java-6-openjdk/jre/lib/i386/libverify.so
0014c000-0014d000 rw-p 0000c000 08:07 5276372    /usr/lib/jvm/java-6-openjdk/jre/lib/i386/libverify.so
0014d000-00171000 r-xp 00000000 08:07 5276344    /usr/lib/jvm/java-6-openjdk/jre/lib/i386/libjava.so
00171000-00172000 r--p 00023000 08:07 5276344    /usr/lib/jvm/java-6-openjdk/jre/lib/i386/libjava.so
00172000-00174000 rw-p 00024000 08:07 5276344    /usr/lib/jvm/java-6-openjdk/jre/lib/i386/libjava.so
00174000-00187000 r-xp 00000000 08:07 6062189    /lib/tls/i686/cmov/libnsl-2.11.1.so
00187000-00188000 r--p 00012000 08:07 6062189    /lib/tls/i686/cmov/libnsl-2.11.1.so
00188000-00189000 rw-p 00013000 08:07 6062189    /lib/tls/i686/cmov/libnsl-2.11.1.so
00189000-0018b000 rw-p 00000000 00:00 0 
0018b000-00192000 r-xp 00000000 08:07 5276376    /usr/lib/jvm/java-6-openjdk/jre/lib/i386/native_threads/libhpi.so
00192000-00193000 r--p 00006000 08:07 5276376    /usr/lib/jvm/java-6-openjdk/jre/lib/i386/native_threads/libhpi.so
00193000-00194000 rw-p 00007000 08:07 5276376    /usr/lib/jvm/java-6-openjdk/jre/lib/i386/native_threads/libhpi.so
00194000-0019a000 r-xp 00000000 08:07 6062191    /lib/tls/i686/cmov/libnss_compat-2.11.1.so
0019a000-0019b000 r--p 00006000 08:07 6062191    /lib/tls/i686/cmov/libnss_compat-2.11.1.so
0019b000-0019c000 rw-p 00007000 08:07 6062191    /lib/tls/i686/cmov/libnss_compat-2.11.1.so
0019c000-001a4000 r-xp 00000000 08:07 6062205    /lib/tls/i686/cmov/libnss_nis-2.11.1.so
001a4000-001a5000 r--p 00007000 08:07 6062205    /lib/tls/i686/cmov/libnss_nis-2.11.1.so
001a5000-001a6000 rw-p 00008000 08:07 6062205    /lib/tls/i686/cmov/libnss_nis-2.11.1.so
001a6000-001b0000 r-xp 00000000 08:07 6062195    /lib/tls/i686/cmov/libnss_files-2.11.1.so
001b0000-001b1000 r--p 00009000 08:07 6062195    /lib/tls/i686/cmov/libnss_files-2.11.1.so
001b1000-001b2000 rw-p 0000a000 08:07 6062195    /lib/tls/i686/cmov/libnss_files-2.11.1.so
001b2000-001b9000 r-xp 00000000 08:07 5276374    /usr/lib/jvm/java-6-openjdk/jre/lib/i386/libzip.so
001b9000-001ba000 r--p 00006000 08:07 5276374    /usr/lib/jvm/java-6-openjdk/jre/lib/i386/libzip.so
001ba000-001bb000 rw-p 00007000 08:07 5276374    /usr/lib/jvm/java-6-openjdk/jre/lib/i386/libzip.so
001bb000-001c3000 r-xp 00000000 08:07 4901602    /usr/lib/libXrender.so.1.3.0
001c3000-001c4000 r--p 00007000 08:07 4901602    /usr/lib/libXrender.so.1.3.0
001c4000-001c5000 rw-p 00008000 08:07 4901602    /usr/lib/libXrender.so.1.3.0
001c6000-001c9000 r-xp 00000000 08:07 5276365    /usr/lib/jvm/java-6-openjdk/jre/lib/i386/libnpt.so
001c9000-001ca000 r--p 00002000 08:07 5276365    /usr/lib/jvm/java-6-openjdk/jre/lib/i386/libnpt.so
001ca000-001cb000 rw-p 00003000 08:07 5276365    /usr/lib/jvm/java-6-openjdk/jre/lib/i386/libnpt.so
001cb000-001d9000 r-xp 00000000 08:07 4901580    /usr/lib/libXext.so.6.4.0
001d9000-001da000 r--p 0000d000 08:07 4901580    /usr/lib/libXext.so.6.4.0
001da000-001db000 rw-p 0000e000 08:07 4901580    /usr/lib/libXext.so.6.4.0
001db000-001df000 r-xp 00000000 08:07 4901608    /usr/lib/libXtst.so.6.1.0
001df000-001e0000 r--p 00003000 08:07 4901608    /usr/lib/libXtst.so.6.1.0
001e0000-001e1000 rw-p 00004000 08:07 4901608    /usr/lib/libXtst.so.6.1.0
001e1000-001ed000 r-xp 00000000 08:07 4901588    /usr/lib/libXi.so.6.1.0
001ed000-001ee000 r--p 0000c000 08:07 4901588    /usr/lib/libXi.so.6.1.0
001ee000-001ef000 rw-p 0000d000 08:07 4901588    /usr/lib/libXi.so.6.1.0
001ef000-001f1000 r-xp 00000000 08:07 4901567    /usr/lib/libXau.so.6.0.0
001f1000-001f2000 r--p 00001000 08:07 4901567    /usr/lib/libXau.so.6.0.0
001f2000-001f3000 rw-p 00002000 08:07 4901567    /usr/lib/libXau.so.6.0.0
001f3000-001f7000 r-xp 00000000 08:07 4901578    /usr/lib/libXdmcp.so.6.0.0
001f7000-001f8000 r--p 00003000 08:07 4901578    /usr/lib/libXdmcp.so.6.0.0
001f8000-001f9000 rw-p 00004000 08:07 4901578    /usr/lib/libXdmcp.so.6.0.0
001f9000-00201000 r-xp 00000000 08:07 4901574    /usr/lib/libXcursor.so.1.0.2
00201000-00202000 r--p 00007000 08:07 4901574    /usr/lib/libXcursor.so.1.0.2
00202000-00203000 rw-p 00008000 08:07 4901574    /usr/lib/libXcursor.so.1.0.2
00204000-0021f000 r-xp 00000000 08:07 6062761    /lib/ld-2.11.1.so
0021f000-00220000 r--p 0001a000 08:07 6062761    /lib/ld-2.11.1.so
00220000-00221000 rw-p 0001b000 08:07 6062761    /lib/ld-2.11.1.so
00221000-00266000 r-xp 00000000 08:07 5621408    /usr/lib/jvm/java-6-openjdk/jre/lib/i386/xawt/libmawt.so
00266000-00267000 r--p 00044000 08:07 5621408    /usr/lib/jvm/java-6-openjdk/jre/lib/i386/xawt/libmawt.so
00267000-00269000 rw-p 00045000 08:07 5621408    /usr/lib/jvm/java-6-openjdk/jre/lib/i386/xawt/libmawt.so
00269000-0026a000 rw-p 00000000 00:00 0 
0026a000-00282000 r-xp 00000000 08:07 4902574    /usr/lib/libxcb.so.1.1.0
00282000-00283000 r--p 00017000 08:07 4902574    /usr/lib/libxcb.so.1.1.0
00283000-00284000 rw-p 00018000 08:07 4902574    /usr/lib/libxcb.so.1.1.0
00284000-00288000 r-xp 00000000 08:07 4901582    /usr/lib/libXfixes.so.3.1.0
00288000-00289000 r--p 00003000 08:07 4901582    /usr/lib/libXfixes.so.3.1.0
00289000-0028a000 rw-p 00004000 08:07 4901582    /usr/lib/libXfixes.so.3.1.0
0028a000-00293000 r-xp 00000000 08:07 5276352    /usr/lib/jvm/java-6-openjdk/jre/lib/i386/libjpeg.so
00293000-00294000 r--p 00008000 08:07 5276352    /usr/lib/jvm/java-6-openjdk/jre/lib/i386/libjpeg.so
00294000-00295000 rw-p 00009000 08:07 5276352    /usr/lib/jvm/java-6-openjdk/jre/lib/i386/libjpeg.so
00295000-00297000 r-xp 00000000 08:07 6062201    /lib/libnss_mdns4_minimal.so.2
00297000-00298000 r--p 00001000 08:07 6062201    /lib/libnss_mdns4_minimal.so.2
00298000-00299000 rw-p 00002000 08:07 6062201    /lib/libnss_mdns4_minimal.so.2
00299000-0029d000 r-xp 00000000 08:07 6062193    /lib/tls/i686/cmov/libnss_dns-2.11.1.so
0029d000-0029e000 r--p 00004000 08:07 6062193    /lib/tls/i686/cmov/libnss_dns-2.11.1.so
0029e000-0029f000 rw-p 00005000 08:07 6062193    /lib/tls/i686/cmov/libnss_dns-2.11.1.so
0029f000-002af000 r-xp 00000000 08:07 6062241    /lib/tls/i686/cmov/libresolv-2.11.1.so
002af000-002b0000 r--p 00010000 08:07 6062241    /lib/tls/i686/cmov/libresolv-2.11.1.so
002b0000-002b1000 rw-p 00011000 08:07 6062241    /lib/tls/i686/cmov/libresolv-2.11.1.so
002b1000-002b3000 rw-p 00000000 00:00 0 
002b3000-002b5000 r-xp 00000000 08:07 6062200    /lib/libnss_mdns4.so.2
002b5000-002b6000 r--p 00001000 08:07 6062200    /lib/libnss_mdns4.so.2
002b6000-002b7000 rw-p 00002000 08:07 6062200    /lib/libnss_mdns4.so.2
002bb000-002ce000 r-xp 00000000 08:07 6062278    /lib/libz.so.1.2.3.3
002ce000-002cf000 r--p 00012000 08:07 6062278    /lib/libz.so.1.2.3.3
002cf000-002d0000 rw-p 00013000 08:07 6062278    /lib/libz.so.1.2.3.3
002d0000-002fe000 r-xp 00000000 08:07 5276356    /usr/lib/jvm/java-6-openjdk/jre/lib/i386/liblcms.so
002fe000-002ff000 r--p 0002d000 08:07 5276356    /usr/lib/jvm/java-6-openjdk/jre/lib/i386/liblcms.so
002ff000-00300000 rw-p 0002e000 08:07 5276356    /usr/lib/jvm/java-6-openjdk/jre/lib/i386/liblcms.so
00300000-00302000 rw-p 00000000 00:00 0 
00308000-0030b000 r-xp 00000000 08:07 5275861    /usr/lib/jvm/java-6-openjdk/jre/lib/i386/jli/libjli.so
0030b000-0030c000 r--p 00003000 08:07 5275861    /usr/lib/jvm/java-6-openjdk/jre/lib/i386/jli/libjli.so
0030c000-0030d000 rw-p 00004000 08:07 5275861    /usr/lib/jvm/java-6-openjdk/jre/lib/i386/jli/libjli.so
0030d000-00351000 r-xp 00000000 08:07 5275866    /usr/lib/jvm/java-6-openjdk/jre/lib/i386/libfontmanager.so
00351000-00353000 r--p 00043000 08:07 5275866    /usr/lib/jvm/java-6-openjdk/jre/lib/i386/libfontmanager.so
00353000-00354000 rw-p 00045000 08:07 5275866    /usr/lib/jvm/java-6-openjdk/jre/lib/i386/libfontmanager.so
00354000-00359000 rw-p 00000000 00:00 0 
0035b000-0035c000 r-xp 00000000 00:00 0          [vdso]
0035c000-003e1000 r-xp 00000000 08:07 5275864    /usr/lib/jvm/java-6-openjdk/jre/lib/i386/libawt.so
003e1000-003e2000 r--p 00084000 08:07 5275864    /usr/lib/jvm/java-6-openjdk/jre/lib/i386/libawt.so
003e2000-003e8000 rw-p 00085000 08:07 5275864    /usr/lib/jvm/java-6-openjdk/jre/lib/i386/libawt.so
003e8000-0040d000 rw-p 00000000 00:00 0 
00481000-00496000 r-xp 00000000 08:07 6062237    /lib/tls/i686/cmov/libpthread-2.11.1.so
00496000-00497000 r--p 00014000 08:07 6062237    /lib/tls/i686/cmov/libpthread-2.11.1.so
00497000-00498000 rw-p 00015000 08:07 6062237    /lib/tls/i686/cmov/libpthread-2.11.1.so
00498000-0049a000 rw-p 00000000 00:00 0 
0049a000-005ed000 r-xp 00000000 08:07 6062129    /lib/tls/i686/cmov/libc-2.11.1.so
005ed000-005ee000 ---p 00153000 08:07 6062129    /lib/tls/i686/cmov/libc-2.11.1.so
005ee000-005f0000 r--p 00153000 08:07 6062129    /lib/tls/i686/cmov/libc-2.11.1.so
005f0000-005f1000 rw-p 00155000 08:07 6062129    /lib/tls/i686/cmov/libc-2.11.1.so
005f1000-005f4000 rw-p 00000000 00:00 0 
005f4000-00665000 r-xp 00000000 08:07 4900644    /usr/lib/libfreetype.so.6.3.22
00665000-00669000 r--p 00070000 08:07 4900644    /usr/lib/libfreetype.so.6.3.22
00669000-0066a000 rw-p 00074000 08:07 4900644    /usr/lib/libfreetype.so.6.3.22
0069d000-006a0000 r-xp 00000000 08:07 5275865    /usr/lib/jvm/java-6-openjdk/jre/lib/i386/libdt_socket.so
006a0000-006a1000 r--p 00002000 08:07 5275865    /usr/lib/jvm/java-6-openjdk/jre/lib/i386/libdt_socket.so
006a1000-006a2000 rw-p 00003000 08:07 5275865    /usr/lib/jvm/java-6-openjdk/jre/lib/i386/libdt_socket.so
006dd000-006f1000 r-xp 00000000 08:07 5276360    /usr/lib/jvm/java-6-openjdk/jre/lib/i386/libnet.so
006f1000-006f2000 r--p 00013000 08:07 5276360    /usr/lib/jvm/java-6-openjdk/jre/lib/i386/libnet.so
006f2000-006f3000 rw-p 00014000 08:07 5276360    /usr/lib/jvm/java-6-openjdk/jre/lib/i386/libnet.so
00710000-00746000 r-xp 00000000 08:07 5276350    /usr/lib/jvm/java-6-openjdk/jre/lib/i386/libjdwp.so
00746000-00747000 r--p 00036000 08:07 5276350    /usr/lib/jvm/java-6-openjdk/jre/lib/i386/libjdwp.so
00747000-00748000 rw-p 00037000 08:07 5276350    /usr/lib/jvm/java-6-openjdk/jre/lib/i386/libjdwp.so
00748000-00861000 r-xp 00000000 08:07 4901563    /usr/lib/libX11.so.6.3.0
00861000-00862000 r--p 00118000 08:07 4901563    /usr/lib/libX11.so.6.3.0
00862000-00864000 rw-p 00119000 08:07 4901563    /usr/lib/libX11.so.6.3.0
00864000-00865000 rw-p 00000000 00:00 0 
008a5000-008c2000 r-xp 00000000 08:07 6062163    /lib/libgcc_s.so.1
008c2000-008c3000 r--p 0001c000 08:07 6062163    /lib/libgcc_s.so.1
008c3000-008c4000 rw-p 0001d000 08:07 6062163    /lib/libgcc_s.so.1
00920000-00922000 r-xp 00000000 08:07 6062143    /lib/tls/i686/cmov/libdl-2.11.1.so
00922000-00923000 r--p 00001000 08:07 6062143    /lib/tls/i686/cmov/libdl-2.11.1.so
00923000-00924000 rw-p 00002000 08:07 6062143    /lib/tls/i686/cmov/libdl-2.11.1.so
00924000-00fd6000 r-xp 00000000 08:07 5276379    /usr/lib/jvm/java-6-openjdk/jre/lib/i386/server/libjvm.so
00fd6000-00fd7000 ---p 006b2000 08:07 5276379    /usr/lib/jvm/java-6-openjdk/jre/lib/i386/server/libjvm.so
00fd7000-0101c000 r--p 006b2000 08:07 5276379    /usr/lib/jvm/java-6-openjdk/jre/lib/i386/server/libjvm.so
0101c000-0102b000 rw-p 006f7000 08:07 5276379    /usr/lib/jvm/java-6-openjdk/jre/lib/i386/server/libjvm.so
0102b000-0144a000 rw-p 00000000 00:00 0 
08048000-08051000 r-xp 00000000 08:07 5292222    /usr/lib/jvm/java-6-openjdk/jre/bin/java
08051000-08052000 r--p 00008000 08:07 5292222    /usr/lib/jvm/java-6-openjdk/jre/bin/java
08052000-08053000 rw-p 00009000 08:07 5292222    /usr/lib/jvm/java-6-openjdk/jre/bin/java
084f4000-09238000 rw-p 00000000 00:00 0          [heap]
8aa00000-8ab00000 rw-p 00000000 00:00 0 
8ac00000-8ad00000 rw-p 00000000 00:00 0 
8af00000-8affe000 rw-p 00000000 00:00 0 
8affe000-8b000000 ---p 00000000 00:00 0 
8b000000-8b0fc000 rw-p 00000000 00:00 0 
8b0fc000-8b100000 ---p 00000000 00:00 0 
8b100000-8b1fd000 rw-p 00000000 00:00 0 
8b1fd000-8b200000 ---p 00000000 00:00 0 
8b26b000-8b26e000 ---p 00000000 00:00 0 
8b26e000-8b2bc000 rw-p 00000000 00:00 0 
8b2bc000-8b2bf000 ---p 00000000 00:00 0 
8b2bf000-8b30d000 rw-p 00000000 00:00 0 
8b30d000-8b310000 ---p 00000000 00:00 0 
8b310000-8b35e000 rw-p 00000000 00:00 0 
8b35e000-8b361000 ---p 00000000 00:00 0 
8b361000-8b3af000 rw-p 00000000 00:00 0 
8b3af000-8b3b2000 ---p 00000000 00:00 0 
8b3b2000-8b400000 rw-p 00000000 00:00 0 
8b400000-8b500000 rw-p 00000000 00:00 0 
8b50d000-8b510000 ---p 00000000 00:00 0 
8b510000-8b55e000 rw-p 00000000 00:00 0          [threadstack:0004d494]
8b55e000-8b561000 ---p 00000000 00:00 0 
8b561000-8b5af000 rw-p 00000000 00:00 0 
8b5af000-8b5b2000 ---p 00000000 00:00 0 
8b5b2000-8b600000 rw-p 00000000 00:00 0 
8b600000-8b700000 rw-p 00000000 00:00 0 
8b70d000-8b710000 ---p 00000000 00:00 0 
8b710000-8b75e000 rw-p 00000000 00:00 0 
8b75e000-8b761000 ---p 00000000 00:00 0 
8b761000-8b7af000 rw-p 00000000 00:00 0 
8b7af000-8b7b2000 ---p 00000000 00:00 0 
8b7b2000-8b800000 rw-p 00000000 00:00 0 
8b800000-8b8fb000 rw-p 00000000 00:00 0 
8b8fb000-8b900000 ---p 00000000 00:00 0 
8b94c000-8b94f000 ---p 00000000 00:00 0 
8b94f000-8b99d000 rw-p 00000000 00:00 0 
8b99d000-8b9a0000 ---p 00000000 00:00 0 
8b9a0000-8b9ee000 rw-p 00000000 00:00 0 
8b9ee000-8b9f4000 r--s 000fc000 08:07 5263412    /usr/lib/jvm/java-6-openjdk/jre/lib/resources.jar
8b9f4000-8b9f5000 r--s 00000000 08:07 8330172    /var/cache/fontconfig/26de28bc8622bbc1fb67fd234c21975f-le32d4.cache-3
8b9f5000-8b9f6000 r--s 00000000 08:07 8323135    /var/cache/fontconfig/c05880de57d1f5e948fdfacc138775d9-le32d4.cache-3
8b9f6000-8b9fc000 r--s 00000000 08:07 8323132    /var/cache/fontconfig/945677eb7aeaf62f1d50efc3fb3ec7d8-le32d4.cache-3
8b9fc000-8b9fe000 r--s 00000000 08:07 8323133    /var/cache/fontconfig/99e8ed0e538f840c565b6ed5dad60d56-le32d4.cache-3
8b9fe000-8ba01000 r--s 00000000 08:07 8323142    /var/cache/fontconfig/e383d7ea5fbe662a33d9b44caf393297-le32d4.cache-3
8ba01000-8ba02000 r--s 00000000 08:07 8323143    /var/cache/fontconfig/e7071f4a29fa870f4323321c154eba04-le32d4.cache-3
8ba02000-8ba05000 r--s 00000000 08:07 8323129    /var/cache/fontconfig/6eb3985aa4124903f6ff08ba781cd364-le32d4.cache-3
8ba05000-8ba06000 r--s 00000000 08:07 8323125    /var/cache/fontconfig/4c73fe0c47614734b17d736dbde7580a-le32d4.cache-3
8ba06000-8ba07000 r--s 00000000 08:07 8323119    /var/cache/fontconfig/0d8c3b2ac0904cb8a57a757ad11a4a08-le32d4.cache-3
8ba07000-8ba08000 r--s 00000000 08:07 8323127    /var/cache/fontconfig/6a53c69dea097a2d716e069445527da8-le32d4.cache-3
8ba08000-8ba0c000 r--s 00000000 08:07 8323134    /var/cache/fontconfig/a755afe4a08bf5b97852ceb7400b47bc-le32d4.cache-3
8ba0c000-8ba13000 r--s 00000000 08:07 8330264    /var/cache/fontconfig/6d41288fd70b0be22e8c3a91e032eec0-le32d4.cache-3
8ba13000-8ba1e000 r--s 00000000 08:07 8323120    /var/cache/fontconfig/0f34bcd4b6ee430af32735b75db7f02b-le32d4.cache-3
8ba1e000-8ba21000 r--s 00000000 08:07 8323139    /var/cache/fontconfig/d60319d88cac85ba9e1a07bd06cfbb8c-le32d4.cache-3
8ba21000-8ba22000 r--s 00000000 08:07 8323123    /var/cache/fontconfig/4794a0821666d79190d59a36cb4f44b5-le32d4.cache-3
8ba22000-8ba2a000 r--s 00000000 08:07 8323138    /var/cache/fontconfig/d52a8644073d54c13679302ca1180695-le32d4.cache-3
8ba2a000-8ba38000 r--s 00000000 08:07 8330659    /var/cache/fontconfig/e13b20fdb08344e0e664864cc2ede53d-le32d4.cache-3
8ba38000-8ba3b000 r--s 00000000 08:07 7127042    /var/cache/fontconfig/7ef2298fde41cc6eeb7af42e48b7d293-le32d4.cache-3
8ba3b000-8ba49000 r--s 00000000 08:07 8330653    /var/cache/fontconfig/865f88548240fee46819705c6468c165-le32d4.cache-3
8ba49000-8ba4a000 r--s 00000000 08:07 8330172    /var/cache/fontconfig/26de28bc8622bbc1fb67fd234c21975f-le32d4.cache-3
8ba4a000-8ba4b000 r--s 00000000 08:07 8323135    /var/cache/fontconfig/c05880de57d1f5e948fdfacc138775d9-le32d4.cache-3
8ba4b000-8ba51000 r--s 00000000 08:07 8323132    /var/cache/fontconfig/945677eb7aeaf62f1d50efc3fb3ec7d8-le32d4.cache-3
8ba51000-8ba53000 r--s 00000000 08:07 8323133    /var/cache/fontconfig/99e8ed0e538f840c565b6ed5dad60d56-le32d4.cache-3
8ba53000-8ba56000 r--s 00000000 08:07 8323142    /var/cache/fontconfig/e383d7ea5fbe662a33d9b44caf393297-le32d4.cache-3
8ba56000-8ba57000 r--s 00000000 08:07 8323143    /var/cache/fontconfig/e7071f4a29fa870f4323321c154eba04-le32d4.cache-3
8ba57000-8ba5a000 r--s 00000000 08:07 8323129    /var/cache/fontconfig/6eb3985aa4124903f6ff08ba781cd364-le32d4.cache-3
8ba5a000-8ba5b000 r--s 00000000 08:07 8323125    /var/cache/fontconfig/4c73fe0c47614734b17d736dbde7580a-le32d4.cache-3
8ba5b000-8ba5c000 r--s 00000000 08:07 8323119    /var/cache/fontconfig/0d8c3b2ac0904cb8a57a757ad11a4a08-le32d4.cache-3
8ba5c000-8ba5d000 r--s 00000000 08:07 8323127    /var/cache/fontconfig/6a53c69dea097a2d716e069445527da8-le32d4.cache-3
8ba5d000-8ba61000 r--s 00000000 08:07 8323134    /var/cache/fontconfig/a755afe4a08bf5b97852ceb7400b47bc-le32d4.cache-3
8ba61000-8ba68000 r--s 00000000 08:07 8330264    /var/cache/fontconfig/6d41288fd70b0be22e8c3a91e032eec0-le32d4.cache-3
8ba68000-8ba73000 r--s 00000000 08:07 8323120    /var/cache/fontconfig/0f34bcd4b6ee430af32735b75db7f02b-le32d4.cache-3
8ba73000-8ba76000 r--s 00000000 08:07 8323139    /var/cache/fontconfig/d60319d88cac85ba9e1a07bd06cfbb8c-le32d4.cache-3
8ba76000-8ba77000 r--s 00000000 08:07 8323123    /var/cache/fontconfig/4794a0821666d79190d59a36cb4f44b5-le32d4.cache-3
8ba77000-8ba7f000 r--s 00000000 08:07 8323138    /var/cache/fontconfig/d52a8644073d54c13679302ca1180695-le32d4.cache-3
8ba7f000-8ba8d000 r--s 00000000 08:07 8330659    /var/cache/fontconfig/e13b20fdb08344e0e664864cc2ede53d-le32d4.cache-3
8ba8d000-8ba90000 r--s 00000000 08:07 7127042    /var/cache/fontconfig/7ef2298fde41cc6eeb7af42e48b7d293-le32d4.cache-3
8ba90000-8ba9e000 r--s 00000000 08:07 8330653    /var/cache/fontconfig/865f88548240fee46819705c6468c165-le32d4.cache-3
8ba9e000-8baa1000 ---p 00000000 00:00 0 
8baa1000-8baef000 rw-p 00000000 00:00 0 
8baef000-8bafa000 r--s 0005f000 08:07 6718934    /home/himanshu/.m2/repository/net/sf/robocode/xstream/1.3.1/xstream-1.3.1.jar
8bafa000-8bb00000 r--s 0002b000 08:07 6718815    /home/himanshu/.m2/repository/junit/junit/4.5/junit-4.5.jar
8bb00000-8bbf6000 rw-p 00000000 00:00 0 
8bbf6000-8bc00000 ---p 00000000 00:00 0 
8bc01000-8bc08000 r--s 0003b000 08:07 6717814    /home/himanshu/.m2/repository/org/picocontainer/picocontainer/2.6/picocontainer-2.6.jar
8bc08000-8bc10000 r--s 00059000 08:07 6718912    /home/himanshu/.m2/repository/net/sf/robocode/codesize/1.1/codesize-1.1.jar
8bc10000-8bc11000 ---p 00000000 00:00 0 
8bc11000-8bc91000 rw-p 00000000 00:00 0 
8bc91000-8bc94000 ---p 00000000 00:00 0 
8bc94000-8bce2000 rw-p 00000000 00:00 0 
8bce2000-8bce5000 ---p 00000000 00:00 0 
8bce5000-8bd63000 rw-p 00000000 00:00 0 
8bd63000-8bd66000 ---p 00000000 00:00 0 
8bd66000-8bde4000 rw-p 00000000 00:00 0 
8bde4000-8bde7000 ---p 00000000 00:00 0 
8bde7000-8be35000 rw-p 00000000 00:00 0 
8be35000-8be38000 ---p 00000000 00:00 0 
8be38000-8be86000 rw-p 00000000 00:00 0 
8be86000-8be89000 ---p 00000000 00:00 0 
8be89000-8bed7000 rw-p 00000000 00:00 0 
8bed7000-8beda000 ---p 00000000 00:00 0 
8beda000-8bf28000 rw-p 00000000 00:00 0 
8bf28000-8bf2b000 ---p 00000000 00:00 0 
8bf2b000-8bf79000 rw-p 00000000 00:00 0 
8bf79000-8bf7c000 ---p 00000000 00:00 0 
8bf7c000-8bfca000 rw-p 00000000 00:00 0 
8bfca000-8bfcb000 ---p 00000000 00:00 0 
8bfcb000-8c04b000 rw-p 00000000 00:00 0 
8c04b000-8c04d000 r--s 0001d000 08:07 5263411    /usr/lib/jvm/java-6-openjdk/jre/lib/plugin.jar
8c04d000-8c052000 r--s 00044000 08:07 5263410    /usr/lib/jvm/java-6-openjdk/jre/lib/netx.jar
8c052000-8c084000 rw-p 00000000 00:00 0 
8c084000-8c212000 r--s 038af000 08:07 5263462    /usr/lib/jvm/java-6-openjdk/jre/lib/rt.jar
8c212000-8c213000 ---p 00000000 00:00 0 
8c213000-8c293000 rw-p 00000000 00:00 0 
8c293000-8c294000 ---p 00000000 00:00 0 
8c294000-8c31f000 rw-p 00000000 00:00 0 
8c31f000-8c354000 rw-p 00000000 00:00 0 
8c354000-8c35f000 rw-p 00000000 00:00 0 
8c35f000-8c3ff000 rw-p 00000000 00:00 0 
8c3ff000-8c40a000 rw-p 00000000 00:00 0 
8c40a000-8c43f000 rw-p 00000000 00:00 0 
8c43f000-8c44a000 rw-p 00000000 00:00 0 
8c44a000-8c4e9000 rw-p 00000000 00:00 0 
8c4e9000-8c530000 rw-p 00000000 00:00 0 
8c530000-8c53f000 rw-p 00000000 00:00 0 
8c53f000-8da00000 rw-p 00000000 00:00 0 
8da00000-94540000 rw-p 00000000 00:00 0 
94540000-95a40000 rw-p 00000000 00:00 0 
95a40000-a9aa0000 rw-p 00000000 00:00 0 
a9aa0000-b2670000 rw-p 00000000 00:00 0 
b2670000-b4540000 rw-p 00000000 00:00 0 
b4540000-b4541000 r--s 00003000 08:07 8552758    /home/himanshu/Desktop/Codefest11/VirtualCombat/forServer/workspace-11Jan-0130hrs/target/robocode-1.7.2.2-Beta-setup/extensions/robocodeextensionsalpha.jar
b4541000-b4542000 r--p 00000000 00:00 0 
b4542000-b4546000 r--s 0007c000 08:07 5263406    /usr/lib/jvm/java-6-openjdk/jre/lib/jsse.jar
b4546000-b454f000 r--s 00065000 08:07 5112875    /usr/share/java/gnome-java-bridge.jar
b454f000-b4558000 rw-p 00000000 00:00 0 
b4558000-b460f000 rw-p 00000000 00:00 0 
b460f000-b484f000 rwxp 00000000 00:00 0 
b484f000-b760f000 rw-p 00000000 00:00 0 
b760f000-b7617000 rw-s 00000000 08:07 5423773    /tmp/hsperfdata_himanshu/8503
b7617000-b7656000 r--p 00000000 08:07 4966841    /usr/lib/locale/en_IN/LC_CTYPE
b7656000-b7774000 r--p 00000000 08:07 4966736    /usr/lib/locale/en_IN/LC_COLLATE
b7774000-b7777000 ---p 00000000 00:00 0 
b7777000-b77c8000 rw-p 00000000 00:00 0 
b77c8000-b77ca000 r--s 00005000 08:07 6719009    /home/himanshu/.m2/repository/net/sf/robocode/xpp3_min/1.1.4c/xpp3_min-1.1.4c.jar
b77ca000-b77cd000 r--s 0000f000 08:07 5263392    /usr/lib/jvm/java-6-openjdk/jre/lib/ext/pulse-java.jar
b77cd000-b77ce000 r--p 00000000 08:07 4966742    /usr/lib/locale/en_IN/LC_NUMERIC
b77ce000-b77cf000 r--p 00000000 08:07 4968686    /usr/lib/locale/en_IN/LC_TIME
b77cf000-b77d0000 r--p 00000000 08:07 4968687    /usr/lib/locale/en_IN/LC_MONETARY
b77d0000-b77d1000 r--p 00000000 08:07 4966928    /usr/lib/locale/en_IN/LC_MESSAGES/SYS_LC_MESSAGES
b77d1000-b77d2000 r--p 00000000 08:07 4966743    /usr/lib/locale/en_IN/LC_PAPER
b77d2000-b77d3000 r--p 00000000 08:07 4966923    /usr/lib/locale/en_IN/LC_NAME
b77d3000-b77d4000 r--p 00000000 08:07 4966748    /usr/lib/locale/en_IN/LC_ADDRESS
b77d4000-b77d5000 r--p 00000000 08:07 4966757    /usr/lib/locale/en_IN/LC_TELEPHONE
b77d5000-b77d6000 r--p 00000000 08:07 4966739    /usr/lib/locale/en_IN/LC_MEASUREMENT
b77d6000-b77d7000 r--p 00000000 08:07 4968688    /usr/lib/locale/en_IN/LC_IDENTIFICATION
b77d7000-b77d8000 rw-p 00000000 00:00 0 
b77d8000-b77d9000 r--p 00000000 00:00 0 
b77d9000-b77db000 rw-p 00000000 00:00 0 
bfe65000-bfe7a000 rw-p 00000000 00:00 0          [stack]

VM Arguments:
jvm_args: -agentlib:jdwp=transport=dt_socket,suspend=y,address=localhost:38755 -Dfile.encoding=UTF-8 
java_command: BattleRunner
Launcher Type: SUN_STANDARD

Environment Variables:
PATH=/usr/local/sbin:/usr/local/bin:/usr/sbin:/usr/bin:/sbin:/bin:/usr/games
USERNAME=himanshu
LD_LIBRARY_PATH=/usr/lib/jvm/java-6-openjdk/jre/lib/i386/server:/usr/lib/jvm/java-6-openjdk/jre/lib/i386:/usr/lib/jvm/java-6-openjdk/jre/../lib/i386:/usr/lib/jvm/java-6-openjdk/jre/lib/i386/client:/usr/lib/jvm/java-6-openjdk/jre/lib/i386:/usr/lib/xulrunner-addons:/usr/lib/xulrunner-addons
SHELL=/bin/bash
DISPLAY=:0.0

Signal Handlers:
SIGSEGV: [libjvm.so+0x637530], sa_mask[0]=0x7ffbfeff, sa_flags=0x10000004
SIGBUS: [libjvm.so+0x637530], sa_mask[0]=0x7ffbfeff, sa_flags=0x10000004
SIGFPE: [libjvm.so+0x50e640], sa_mask[0]=0x7ffbfeff, sa_flags=0x10000004
SIGPIPE: [libjvm.so+0x50e640], sa_mask[0]=0x7ffbfeff, sa_flags=0x10000004
SIGXFSZ: [libjvm.so+0x50e640], sa_mask[0]=0x7ffbfeff, sa_flags=0x10000004
SIGILL: [libjvm.so+0x50e640], sa_mask[0]=0x7ffbfeff, sa_flags=0x10000004
SIGUSR1: SIG_DFL, sa_mask[0]=0x00000000, sa_flags=0x00000000
SIGUSR2: [libjvm.so+0x50dcf0], sa_mask[0]=0x00000004, sa_flags=0x10000004
SIGHUP: [libjvm.so+0x510860], sa_mask[0]=0x7ffbfeff, sa_flags=0x10000004
SIGINT: [libjvm.so+0x510860], sa_mask[0]=0x7ffbfeff, sa_flags=0x10000004
SIGTERM: [libjvm.so+0x510860], sa_mask[0]=0x7ffbfeff, sa_flags=0x10000004
SIGQUIT: [libjvm.so+0x510860], sa_mask[0]=0x7ffbfeff, sa_flags=0x10000004


---------------  S Y S T E M  ---------------

OS:Ubuntu 10.04 (lucid)
uname:Linux 2.6.32-21-generic #32-Ubuntu SMP Fri Apr 16 08:10:02 UTC 2010 i686
libc:glibc 2.11.1 NPTL 2.11.1 
rlimit: STACK 8192k, CORE 0k, NPROC infinity, NOFILE 1024, AS infinity
load average:0.69 0.42 0.40

/proc/meminfo:
MemTotal:        2058876 kB
MemFree:          421296 kB
Buffers:           13388 kB
Cached:           910768 kB
SwapCached:          548 kB
Active:           908292 kB
Inactive:         608340 kB
Active(anon):     460692 kB
Inactive(anon):   139984 kB
Active(file):     447600 kB
Inactive(file):   468356 kB
Unevictable:          16 kB
Mlocked:              16 kB
HighTotal:       1185096 kB
HighFree:           1740 kB
LowTotal:         873780 kB
LowFree:          419556 kB
SwapTotal:        814072 kB
SwapFree:         813444 kB
Dirty:              3132 kB
Writeback:             0 kB
AnonPages:        592196 kB
Mapped:           128788 kB
Shmem:              8200 kB
Slab:              47860 kB
SReclaimable:      31464 kB
SUnreclaim:        16396 kB
KernelStack:        2864 kB
PageTables:         7348 kB
NFS_Unstable:          0 kB
Bounce:                0 kB
WritebackTmp:          0 kB
CommitLimit:     1843508 kB
Committed_AS:    1494920 kB
VmallocTotal:     122880 kB
VmallocUsed:       68220 kB
VmallocChunk:      42876 kB
HardwareCorrupted:     0 kB
HugePages_Total:       0
HugePages_Free:        0
HugePages_Rsvd:        0
HugePages_Surp:        0
Hugepagesize:       4096 kB
DirectMap4k:       12280 kB
DirectMap4M:      897024 kB


CPU:total 2 (2 cores per cpu, 1 threads per core) family 6 model 23 stepping 10, cmov, cx8, fxsr, mmx, sse, sse2, sse3, ssse3

Memory: 4k page, physical 2058876k(421296k free), swap 814072k(813444k free)

vm_info: OpenJDK Server VM (19.0-b09) for linux-x86 JRE (1.6.0_20-b20), built on Nov 25 2010 19:36:58 by "buildd" with gcc 4.4.3

time: Fri Jan 14 00:00:15 2011
elapsed time: 50 seconds

